<?xml version="1.0" encoding="UTF-8"?>
<!-- Generated by org.testng.reporters.JUnitXMLReporter -->
<testsuite ignored="0" hostname="DESKTOP-SNJDH69" failures="0" tests="3" name="chromeTest" time="9.211" errors="0" timestamp="2025-02-18T18:29:39 IST">
  <testcase classname="day45.ParameterTest" name="testLogo" time="3.061"/>
  <testcase classname="day45.ParameterTest" name="testTitle" time="0.012"/>
  <testcase classname="day45.ParameterTest" name="testURL" time="0.009"/>
</testsuite> <!-- chromeTest -->
