<?xml version="1.0" encoding="UTF-8"?>
<!-- Generated by org.testng.reporters.JUnitXMLReporter -->
<testsuite ignored="0" hostname="DESKTOP-SNJDH69" failures="0" tests="3" name="firefoxTest" time="11.317" errors="0" timestamp="2025-02-18T18:29:41 IST">
  <testcase classname="day45.ParameterTest" name="testLogo" time="3.041"/>
  <testcase classname="day45.ParameterTest" name="testTitle" time="0.006"/>
  <testcase classname="day45.ParameterTest" name="testURL" time="0.007"/>
</testsuite> <!-- firefoxTest -->
