<?xml version="1.0" encoding="UTF-8"?>
<!-- Generated by org.testng.reporters.JUnitXMLReporter -->
<testsuite ignored="6" hostname="DESKTOP-SNJDH69" failures="0" tests="2" name="grouping_test" time="0.042" errors="0" timestamp="2025-02-15T16:18:23 IST">
  <testcase classname="day44.payments" name="paymentinRupees" time="0.009"/>
  <testcase classname="day44.payments" name="paymentinDollars" time="0.002"/>
  <testcase classname="day44.LoginTests" name="loginbyEmail" time="0.0">
    <ignored/>
  </testcase> <!-- loginbyEmail -->
  <testcase classname="day44.LoginTests" name="loginByFacebook" time="0.0">
    <ignored/>
  </testcase> <!-- loginByFacebook -->
  <testcase classname="day44.signUp" name="signUpByTwitter" time="0.0">
    <ignored/>
  </testcase> <!-- signUpByTwitter -->
  <testcase classname="day44.signUp" name="signUpbyEmail" time="0.0">
    <ignored/>
  </testcase> <!-- signUpbyEmail -->
  <testcase classname="day44.LoginTests" name="loginByTwitter" time="0.0">
    <ignored/>
  </testcase> <!-- loginByTwitter -->
  <testcase classname="day44.signUp" name="signUpByFacebook" time="0.0">
    <ignored/>
  </testcase> <!-- signUpByFacebook -->
</testsuite> <!-- grouping_test -->
