<?xml version="1.0" encoding="UTF-8"?>
<testng-results ignored="0" total="1" passed="1" failed="0" skipped="0">
  <reporter-output>
  </reporter-output>
  <suite started-at="2025-02-25T17:30:51 IST" name="Default suite" finished-at="2025-02-25T17:30:54 IST" duration-ms="3493">
    <groups>
    </groups>
    <test started-at="2025-02-25T17:30:51 IST" name="Default test" finished-at="2025-02-25T17:30:54 IST" duration-ms="3493">
      <class name="testCases.TC_001_Account_Registration_Test">
        <test-method is-config="true" signature="setup()[pri:0, instance:testCases.TC_001_Account_Registration_Test@149dd36b]" started-at="2025-02-25T17:30:51 IST" name="setup" finished-at="2025-02-25T17:30:54 IST" duration-ms="2546" status="PASS">
          <reporter-output>
          </reporter-output>
        </test-method> <!-- setup -->
        <test-method signature="verify_Account_registration()[pri:0, instance:testCases.TC_001_Account_Registration_Test@149dd36b]" started-at="2025-02-25T17:30:54 IST" name="verify_Account_registration" finished-at="2025-02-25T17:30:54 IST" duration-ms="815" status="PASS">
          <reporter-output>
          </reporter-output>
        </test-method> <!-- verify_Account_registration -->
        <test-method is-config="true" signature="tearDown()[pri:0, instance:testCases.TC_001_Account_Registration_Test@149dd36b]" started-at="2025-02-25T17:30:54 IST" name="tearDown" finished-at="2025-02-25T17:30:54 IST" duration-ms="105" status="PASS">
          <reporter-output>
          </reporter-output>
        </test-method> <!-- tearDown -->
      </class> <!-- testCases.TC_001_Account_Registration_Test -->
    </test> <!-- Default test -->
  </suite> <!-- Default suite -->
</testng-results>
