<?xml version="1.0" encoding="UTF-8"?>
<!-- Generated by org.testng.reporters.JUnitXMLReporter -->
<testsuite ignored="0" hostname="DESKTOP-SNJDH69" failures="0" tests="7" name="test" time="10.127" errors="0" timestamp="2025-02-07T22:49:08 IST">
  <testcase classname="day42.FirstTestCase" name="login" time="0.009"/>
  <testcase classname="day42.FirstTestCase" name="logout" time="0.001"/>
  <testcase classname="day42.FirstTestCase" name="openApp" time="0.001"/>
  <testcase classname="day42.OrangeHRMTest" name="openapp" time="5.542"/>
  <testcase classname="day42.OrangeHRMTest" name="testLogo" time="3.049"/>
  <testcase classname="day42.OrangeHRMTest" name="testLogin" time="1.283"/>
  <testcase classname="day42.OrangeHRMTest" name="closeApp" time="0.209"/>
</testsuite> <!-- test -->
